<?xml version="1.0" encoding="UTF-8"?>
<!-- Generated by org.testng.reporters.JUnitReportReporter -->
<testsuite name="TestCase.LandingPageTest" tests="2" time="1.235" ignored="0" failures="0" timestamp="14 Jun 2021 17:00:07 GMT" skipped="0" hostname="DELL" errors="0">
  <testcase name="validatePageContentTest" time="0.757" classname="TestCase.LandingPageTest"/>
  <testcase name="validatePracticeTest" time="0.478" classname="TestCase.LandingPageTest"/>
</testsuite> <!-- TestCase.LandingPageTest -->
